[18-Aug-2024 15:34:28 UTC] PHP Warning:  Undefined array key "name" in C:\xampp\htdocs\test-search\wp-content\themes\twentysixteen-child\page-product.php on line 34
[18-Aug-2024 15:34:28 UTC] PHP Warning:  Undefined array key "category" in C:\xampp\htdocs\test-search\wp-content\themes\twentysixteen-child\page-product.php on line 35
[18-Aug-2024 15:34:28 UTC] PHP Warning:  Undefined array key "price" in C:\xampp\htdocs\test-search\wp-content\themes\twentysixteen-child\page-product.php on line 36
[18-Aug-2024 15:34:28 UTC] PHP Warning:  Undefined array key "rating" in C:\xampp\htdocs\test-search\wp-content\themes\twentysixteen-child\page-product.php on line 37
[18-Aug-2024 15:34:30 UTC] PHP Warning:  Undefined array key "name" in C:\xampp\htdocs\test-search\wp-content\themes\twentysixteen-child\page-product.php on line 34
[18-Aug-2024 15:34:30 UTC] PHP Warning:  Undefined array key "category" in C:\xampp\htdocs\test-search\wp-content\themes\twentysixteen-child\page-product.php on line 35
[18-Aug-2024 15:34:30 UTC] PHP Warning:  Undefined array key "price" in C:\xampp\htdocs\test-search\wp-content\themes\twentysixteen-child\page-product.php on line 36
[18-Aug-2024 15:34:30 UTC] PHP Warning:  Undefined array key "rating" in C:\xampp\htdocs\test-search\wp-content\themes\twentysixteen-child\page-product.php on line 37
[18-Aug-2024 15:35:07 UTC] PHP Warning:  Undefined array key "name" in C:\xampp\htdocs\test-search\wp-content\themes\twentysixteen-child\page-product.php on line 34
[18-Aug-2024 15:35:07 UTC] PHP Warning:  Undefined array key "category" in C:\xampp\htdocs\test-search\wp-content\themes\twentysixteen-child\page-product.php on line 35
[18-Aug-2024 15:35:07 UTC] PHP Warning:  Undefined array key "price" in C:\xampp\htdocs\test-search\wp-content\themes\twentysixteen-child\page-product.php on line 36
[18-Aug-2024 15:35:07 UTC] PHP Warning:  Undefined array key "rating" in C:\xampp\htdocs\test-search\wp-content\themes\twentysixteen-child\page-product.php on line 37
[18-Aug-2024 15:35:08 UTC] PHP Warning:  Undefined array key "name" in C:\xampp\htdocs\test-search\wp-content\themes\twentysixteen-child\page-product.php on line 34
[18-Aug-2024 15:35:08 UTC] PHP Warning:  Undefined array key "category" in C:\xampp\htdocs\test-search\wp-content\themes\twentysixteen-child\page-product.php on line 35
[18-Aug-2024 15:35:08 UTC] PHP Warning:  Undefined array key "price" in C:\xampp\htdocs\test-search\wp-content\themes\twentysixteen-child\page-product.php on line 36
[18-Aug-2024 15:35:08 UTC] PHP Warning:  Undefined array key "rating" in C:\xampp\htdocs\test-search\wp-content\themes\twentysixteen-child\page-product.php on line 37
[18-Aug-2024 17:56:51 UTC] PHP Warning:  Attempt to read property "slug" on array in C:\xampp\htdocs\test-search\wp-content\themes\twentysixteen-child\product.php on line 13
[18-Aug-2024 17:56:51 UTC] PHP Warning:  Attempt to read property "name" on array in C:\xampp\htdocs\test-search\wp-content\themes\twentysixteen-child\product.php on line 13
[18-Aug-2024 17:56:51 UTC] PHP Warning:  Attempt to read property "slug" on array in C:\xampp\htdocs\test-search\wp-content\themes\twentysixteen-child\product.php on line 13
[18-Aug-2024 17:56:51 UTC] PHP Warning:  Attempt to read property "name" on array in C:\xampp\htdocs\test-search\wp-content\themes\twentysixteen-child\product.php on line 13
[18-Aug-2024 17:59:43 UTC] PHP Warning:  Attempt to read property "slug" on array in C:\xampp\htdocs\test-search\wp-content\themes\twentysixteen-child\product.php on line 20
[18-Aug-2024 17:59:43 UTC] PHP Warning:  Undefined array key "category" in C:\xampp\htdocs\test-search\wp-content\themes\twentysixteen-child\product.php on line 20
[18-Aug-2024 17:59:43 UTC] PHP Warning:  Attempt to read property "slug" on array in C:\xampp\htdocs\test-search\wp-content\themes\twentysixteen-child\product.php on line 20
[18-Aug-2024 17:59:43 UTC] PHP Warning:  Attempt to read property "name" on array in C:\xampp\htdocs\test-search\wp-content\themes\twentysixteen-child\product.php on line 20
[18-Aug-2024 17:59:43 UTC] PHP Warning:  Attempt to read property "slug" on array in C:\xampp\htdocs\test-search\wp-content\themes\twentysixteen-child\product.php on line 20
[18-Aug-2024 17:59:43 UTC] PHP Warning:  Undefined array key "category" in C:\xampp\htdocs\test-search\wp-content\themes\twentysixteen-child\product.php on line 20
[18-Aug-2024 17:59:43 UTC] PHP Warning:  Attempt to read property "slug" on array in C:\xampp\htdocs\test-search\wp-content\themes\twentysixteen-child\product.php on line 20
[18-Aug-2024 17:59:43 UTC] PHP Warning:  Attempt to read property "name" on array in C:\xampp\htdocs\test-search\wp-content\themes\twentysixteen-child\product.php on line 20
[18-Aug-2024 17:59:43 UTC] PHP Warning:  Undefined array key "rating" in C:\xampp\htdocs\test-search\wp-content\themes\twentysixteen-child\product.php on line 36
[18-Aug-2024 17:59:43 UTC] PHP Warning:  Undefined array key "rating" in C:\xampp\htdocs\test-search\wp-content\themes\twentysixteen-child\product.php on line 36
[18-Aug-2024 17:59:43 UTC] PHP Warning:  Undefined array key "rating" in C:\xampp\htdocs\test-search\wp-content\themes\twentysixteen-child\product.php on line 36
[18-Aug-2024 17:59:43 UTC] PHP Warning:  Undefined array key "rating" in C:\xampp\htdocs\test-search\wp-content\themes\twentysixteen-child\product.php on line 36
[18-Aug-2024 17:59:43 UTC] PHP Warning:  Undefined array key "rating" in C:\xampp\htdocs\test-search\wp-content\themes\twentysixteen-child\product.php on line 36
[18-Aug-2024 18:00:26 UTC] PHP Warning:  Attempt to read property "slug" on array in C:\xampp\htdocs\test-search\wp-content\themes\twentysixteen-child\product.php on line 20
[18-Aug-2024 18:00:26 UTC] PHP Warning:  Attempt to read property "slug" on array in C:\xampp\htdocs\test-search\wp-content\themes\twentysixteen-child\product.php on line 20
[18-Aug-2024 18:00:26 UTC] PHP Warning:  Attempt to read property "name" on array in C:\xampp\htdocs\test-search\wp-content\themes\twentysixteen-child\product.php on line 20
[18-Aug-2024 18:00:26 UTC] PHP Warning:  Attempt to read property "slug" on array in C:\xampp\htdocs\test-search\wp-content\themes\twentysixteen-child\product.php on line 20
[18-Aug-2024 18:00:26 UTC] PHP Warning:  Attempt to read property "slug" on array in C:\xampp\htdocs\test-search\wp-content\themes\twentysixteen-child\product.php on line 20
[18-Aug-2024 18:00:26 UTC] PHP Warning:  Attempt to read property "name" on array in C:\xampp\htdocs\test-search\wp-content\themes\twentysixteen-child\product.php on line 20
[18-Aug-2024 18:02:12 UTC] PHP Warning:  Attempt to read property "slug" on array in C:\xampp\htdocs\test-search\wp-content\themes\twentysixteen-child\product.php on line 20
[18-Aug-2024 18:02:12 UTC] PHP Warning:  Undefined array key "category" in C:\xampp\htdocs\test-search\wp-content\themes\twentysixteen-child\product.php on line 20
[18-Aug-2024 18:02:12 UTC] PHP Warning:  Attempt to read property "slug" on array in C:\xampp\htdocs\test-search\wp-content\themes\twentysixteen-child\product.php on line 20
[18-Aug-2024 18:02:12 UTC] PHP Warning:  Attempt to read property "name" on array in C:\xampp\htdocs\test-search\wp-content\themes\twentysixteen-child\product.php on line 20
[18-Aug-2024 18:02:12 UTC] PHP Warning:  Attempt to read property "slug" on array in C:\xampp\htdocs\test-search\wp-content\themes\twentysixteen-child\product.php on line 20
[18-Aug-2024 18:02:12 UTC] PHP Warning:  Undefined array key "category" in C:\xampp\htdocs\test-search\wp-content\themes\twentysixteen-child\product.php on line 20
[18-Aug-2024 18:02:12 UTC] PHP Warning:  Attempt to read property "slug" on array in C:\xampp\htdocs\test-search\wp-content\themes\twentysixteen-child\product.php on line 20
[18-Aug-2024 18:02:12 UTC] PHP Warning:  Attempt to read property "name" on array in C:\xampp\htdocs\test-search\wp-content\themes\twentysixteen-child\product.php on line 20
[18-Aug-2024 18:02:18 UTC] PHP Warning:  Attempt to read property "slug" on array in C:\xampp\htdocs\test-search\wp-content\themes\twentysixteen-child\product.php on line 20
[18-Aug-2024 18:02:18 UTC] PHP Warning:  Attempt to read property "slug" on array in C:\xampp\htdocs\test-search\wp-content\themes\twentysixteen-child\product.php on line 20
[18-Aug-2024 18:02:18 UTC] PHP Warning:  Attempt to read property "name" on array in C:\xampp\htdocs\test-search\wp-content\themes\twentysixteen-child\product.php on line 20
[18-Aug-2024 18:02:18 UTC] PHP Warning:  Attempt to read property "slug" on array in C:\xampp\htdocs\test-search\wp-content\themes\twentysixteen-child\product.php on line 20
[18-Aug-2024 18:02:18 UTC] PHP Warning:  Attempt to read property "slug" on array in C:\xampp\htdocs\test-search\wp-content\themes\twentysixteen-child\product.php on line 20
[18-Aug-2024 18:02:18 UTC] PHP Warning:  Attempt to read property "name" on array in C:\xampp\htdocs\test-search\wp-content\themes\twentysixteen-child\product.php on line 20
[18-Aug-2024 18:04:03 UTC] PHP Warning:  Attempt to read property "slug" on array in C:\xampp\htdocs\test-search\wp-content\themes\twentysixteen-child\product.php on line 20
[18-Aug-2024 18:04:03 UTC] PHP Warning:  Undefined array key "category" in C:\xampp\htdocs\test-search\wp-content\themes\twentysixteen-child\product.php on line 20
[18-Aug-2024 18:04:03 UTC] PHP Warning:  Attempt to read property "slug" on array in C:\xampp\htdocs\test-search\wp-content\themes\twentysixteen-child\product.php on line 20
[18-Aug-2024 18:04:03 UTC] PHP Warning:  Attempt to read property "name" on array in C:\xampp\htdocs\test-search\wp-content\themes\twentysixteen-child\product.php on line 20
[18-Aug-2024 18:04:03 UTC] PHP Warning:  Attempt to read property "slug" on array in C:\xampp\htdocs\test-search\wp-content\themes\twentysixteen-child\product.php on line 20
[18-Aug-2024 18:04:03 UTC] PHP Warning:  Undefined array key "category" in C:\xampp\htdocs\test-search\wp-content\themes\twentysixteen-child\product.php on line 20
[18-Aug-2024 18:04:03 UTC] PHP Warning:  Attempt to read property "slug" on array in C:\xampp\htdocs\test-search\wp-content\themes\twentysixteen-child\product.php on line 20
[18-Aug-2024 18:04:03 UTC] PHP Warning:  Attempt to read property "name" on array in C:\xampp\htdocs\test-search\wp-content\themes\twentysixteen-child\product.php on line 20
[18-Aug-2024 18:04:08 UTC] PHP Warning:  Attempt to read property "slug" on array in C:\xampp\htdocs\test-search\wp-content\themes\twentysixteen-child\product.php on line 20
[18-Aug-2024 18:04:08 UTC] PHP Warning:  Attempt to read property "slug" on array in C:\xampp\htdocs\test-search\wp-content\themes\twentysixteen-child\product.php on line 20
[18-Aug-2024 18:04:08 UTC] PHP Warning:  Attempt to read property "name" on array in C:\xampp\htdocs\test-search\wp-content\themes\twentysixteen-child\product.php on line 20
[18-Aug-2024 18:04:08 UTC] PHP Warning:  Attempt to read property "slug" on array in C:\xampp\htdocs\test-search\wp-content\themes\twentysixteen-child\product.php on line 20
[18-Aug-2024 18:04:08 UTC] PHP Warning:  Attempt to read property "slug" on array in C:\xampp\htdocs\test-search\wp-content\themes\twentysixteen-child\product.php on line 20
[18-Aug-2024 18:04:08 UTC] PHP Warning:  Attempt to read property "name" on array in C:\xampp\htdocs\test-search\wp-content\themes\twentysixteen-child\product.php on line 20
[18-Aug-2024 18:06:03 UTC] PHP Warning:  Attempt to read property "slug" on array in C:\xampp\htdocs\test-search\wp-content\themes\twentysixteen-child\product.php on line 20
[18-Aug-2024 18:06:03 UTC] PHP Warning:  Undefined array key "category" in C:\xampp\htdocs\test-search\wp-content\themes\twentysixteen-child\product.php on line 20
[18-Aug-2024 18:06:03 UTC] PHP Warning:  Attempt to read property "slug" on array in C:\xampp\htdocs\test-search\wp-content\themes\twentysixteen-child\product.php on line 20
[18-Aug-2024 18:06:03 UTC] PHP Warning:  Attempt to read property "name" on array in C:\xampp\htdocs\test-search\wp-content\themes\twentysixteen-child\product.php on line 20
[18-Aug-2024 18:06:03 UTC] PHP Warning:  Attempt to read property "slug" on array in C:\xampp\htdocs\test-search\wp-content\themes\twentysixteen-child\product.php on line 20
[18-Aug-2024 18:06:03 UTC] PHP Warning:  Undefined array key "category" in C:\xampp\htdocs\test-search\wp-content\themes\twentysixteen-child\product.php on line 20
[18-Aug-2024 18:06:03 UTC] PHP Warning:  Attempt to read property "slug" on array in C:\xampp\htdocs\test-search\wp-content\themes\twentysixteen-child\product.php on line 20
[18-Aug-2024 18:06:03 UTC] PHP Warning:  Attempt to read property "name" on array in C:\xampp\htdocs\test-search\wp-content\themes\twentysixteen-child\product.php on line 20
[18-Aug-2024 18:06:08 UTC] PHP Warning:  Attempt to read property "slug" on array in C:\xampp\htdocs\test-search\wp-content\themes\twentysixteen-child\product.php on line 20
[18-Aug-2024 18:06:08 UTC] PHP Warning:  Attempt to read property "slug" on array in C:\xampp\htdocs\test-search\wp-content\themes\twentysixteen-child\product.php on line 20
[18-Aug-2024 18:06:08 UTC] PHP Warning:  Attempt to read property "name" on array in C:\xampp\htdocs\test-search\wp-content\themes\twentysixteen-child\product.php on line 20
[18-Aug-2024 18:06:08 UTC] PHP Warning:  Attempt to read property "slug" on array in C:\xampp\htdocs\test-search\wp-content\themes\twentysixteen-child\product.php on line 20
[18-Aug-2024 18:06:08 UTC] PHP Warning:  Attempt to read property "slug" on array in C:\xampp\htdocs\test-search\wp-content\themes\twentysixteen-child\product.php on line 20
[18-Aug-2024 18:06:08 UTC] PHP Warning:  Attempt to read property "name" on array in C:\xampp\htdocs\test-search\wp-content\themes\twentysixteen-child\product.php on line 20
[18-Aug-2024 18:06:15 UTC] PHP Warning:  Attempt to read property "slug" on array in C:\xampp\htdocs\test-search\wp-content\themes\twentysixteen-child\product.php on line 20
[18-Aug-2024 18:06:15 UTC] PHP Warning:  Undefined array key "category" in C:\xampp\htdocs\test-search\wp-content\themes\twentysixteen-child\product.php on line 20
[18-Aug-2024 18:06:15 UTC] PHP Warning:  Attempt to read property "slug" on array in C:\xampp\htdocs\test-search\wp-content\themes\twentysixteen-child\product.php on line 20
[18-Aug-2024 18:06:15 UTC] PHP Warning:  Attempt to read property "name" on array in C:\xampp\htdocs\test-search\wp-content\themes\twentysixteen-child\product.php on line 20
[18-Aug-2024 18:06:15 UTC] PHP Warning:  Attempt to read property "slug" on array in C:\xampp\htdocs\test-search\wp-content\themes\twentysixteen-child\product.php on line 20
[18-Aug-2024 18:06:15 UTC] PHP Warning:  Undefined array key "category" in C:\xampp\htdocs\test-search\wp-content\themes\twentysixteen-child\product.php on line 20
[18-Aug-2024 18:06:15 UTC] PHP Warning:  Attempt to read property "slug" on array in C:\xampp\htdocs\test-search\wp-content\themes\twentysixteen-child\product.php on line 20
[18-Aug-2024 18:06:15 UTC] PHP Warning:  Attempt to read property "name" on array in C:\xampp\htdocs\test-search\wp-content\themes\twentysixteen-child\product.php on line 20
[18-Aug-2024 18:06:22 UTC] PHP Warning:  Attempt to read property "slug" on array in C:\xampp\htdocs\test-search\wp-content\themes\twentysixteen-child\product.php on line 20
[18-Aug-2024 18:06:22 UTC] PHP Warning:  Attempt to read property "slug" on array in C:\xampp\htdocs\test-search\wp-content\themes\twentysixteen-child\product.php on line 20
[18-Aug-2024 18:06:22 UTC] PHP Warning:  Attempt to read property "name" on array in C:\xampp\htdocs\test-search\wp-content\themes\twentysixteen-child\product.php on line 20
[18-Aug-2024 18:06:22 UTC] PHP Warning:  Attempt to read property "slug" on array in C:\xampp\htdocs\test-search\wp-content\themes\twentysixteen-child\product.php on line 20
[18-Aug-2024 18:06:22 UTC] PHP Warning:  Attempt to read property "slug" on array in C:\xampp\htdocs\test-search\wp-content\themes\twentysixteen-child\product.php on line 20
[18-Aug-2024 18:06:22 UTC] PHP Warning:  Attempt to read property "name" on array in C:\xampp\htdocs\test-search\wp-content\themes\twentysixteen-child\product.php on line 20
[18-Aug-2024 18:09:47 UTC] PHP Warning:  Attempt to read property "slug" on array in C:\xampp\htdocs\test-search\wp-content\themes\twentysixteen-child\product.php on line 20
[18-Aug-2024 18:09:47 UTC] PHP Warning:  Undefined array key "category" in C:\xampp\htdocs\test-search\wp-content\themes\twentysixteen-child\product.php on line 20
[18-Aug-2024 18:09:47 UTC] PHP Warning:  Attempt to read property "slug" on array in C:\xampp\htdocs\test-search\wp-content\themes\twentysixteen-child\product.php on line 20
[18-Aug-2024 18:09:47 UTC] PHP Warning:  Attempt to read property "name" on array in C:\xampp\htdocs\test-search\wp-content\themes\twentysixteen-child\product.php on line 20
[18-Aug-2024 18:09:47 UTC] PHP Warning:  Attempt to read property "slug" on array in C:\xampp\htdocs\test-search\wp-content\themes\twentysixteen-child\product.php on line 20
[18-Aug-2024 18:09:47 UTC] PHP Warning:  Undefined array key "category" in C:\xampp\htdocs\test-search\wp-content\themes\twentysixteen-child\product.php on line 20
[18-Aug-2024 18:09:47 UTC] PHP Warning:  Attempt to read property "slug" on array in C:\xampp\htdocs\test-search\wp-content\themes\twentysixteen-child\product.php on line 20
[18-Aug-2024 18:09:47 UTC] PHP Warning:  Attempt to read property "name" on array in C:\xampp\htdocs\test-search\wp-content\themes\twentysixteen-child\product.php on line 20
[18-Aug-2024 18:09:53 UTC] PHP Warning:  Attempt to read property "slug" on array in C:\xampp\htdocs\test-search\wp-content\themes\twentysixteen-child\product.php on line 20
[18-Aug-2024 18:09:53 UTC] PHP Warning:  Attempt to read property "slug" on array in C:\xampp\htdocs\test-search\wp-content\themes\twentysixteen-child\product.php on line 20
[18-Aug-2024 18:09:53 UTC] PHP Warning:  Attempt to read property "name" on array in C:\xampp\htdocs\test-search\wp-content\themes\twentysixteen-child\product.php on line 20
[18-Aug-2024 18:09:53 UTC] PHP Warning:  Attempt to read property "slug" on array in C:\xampp\htdocs\test-search\wp-content\themes\twentysixteen-child\product.php on line 20
[18-Aug-2024 18:09:53 UTC] PHP Warning:  Attempt to read property "slug" on array in C:\xampp\htdocs\test-search\wp-content\themes\twentysixteen-child\product.php on line 20
[18-Aug-2024 18:09:53 UTC] PHP Warning:  Attempt to read property "name" on array in C:\xampp\htdocs\test-search\wp-content\themes\twentysixteen-child\product.php on line 20
[18-Aug-2024 18:10:27 UTC] PHP Warning:  Attempt to read property "slug" on array in C:\xampp\htdocs\test-search\wp-content\themes\twentysixteen-child\product.php on line 20
[18-Aug-2024 18:10:27 UTC] PHP Warning:  Attempt to read property "slug" on array in C:\xampp\htdocs\test-search\wp-content\themes\twentysixteen-child\product.php on line 20
[18-Aug-2024 18:10:27 UTC] PHP Warning:  Attempt to read property "name" on array in C:\xampp\htdocs\test-search\wp-content\themes\twentysixteen-child\product.php on line 20
[18-Aug-2024 18:10:27 UTC] PHP Warning:  Attempt to read property "slug" on array in C:\xampp\htdocs\test-search\wp-content\themes\twentysixteen-child\product.php on line 20
[18-Aug-2024 18:10:27 UTC] PHP Warning:  Attempt to read property "slug" on array in C:\xampp\htdocs\test-search\wp-content\themes\twentysixteen-child\product.php on line 20
[18-Aug-2024 18:10:27 UTC] PHP Warning:  Attempt to read property "name" on array in C:\xampp\htdocs\test-search\wp-content\themes\twentysixteen-child\product.php on line 20
[18-Aug-2024 18:11:01 UTC] PHP Warning:  Attempt to read property "slug" on array in C:\xampp\htdocs\test-search\wp-content\themes\twentysixteen-child\product.php on line 20
[18-Aug-2024 18:11:01 UTC] PHP Warning:  Attempt to read property "slug" on array in C:\xampp\htdocs\test-search\wp-content\themes\twentysixteen-child\product.php on line 20
[18-Aug-2024 18:11:01 UTC] PHP Warning:  Attempt to read property "name" on array in C:\xampp\htdocs\test-search\wp-content\themes\twentysixteen-child\product.php on line 20
[18-Aug-2024 18:11:01 UTC] PHP Warning:  Attempt to read property "slug" on array in C:\xampp\htdocs\test-search\wp-content\themes\twentysixteen-child\product.php on line 20
[18-Aug-2024 18:11:01 UTC] PHP Warning:  Attempt to read property "slug" on array in C:\xampp\htdocs\test-search\wp-content\themes\twentysixteen-child\product.php on line 20
[18-Aug-2024 18:11:01 UTC] PHP Warning:  Attempt to read property "name" on array in C:\xampp\htdocs\test-search\wp-content\themes\twentysixteen-child\product.php on line 20
[18-Aug-2024 18:11:04 UTC] PHP Warning:  Attempt to read property "slug" on array in C:\xampp\htdocs\test-search\wp-content\themes\twentysixteen-child\product.php on line 20
[18-Aug-2024 18:11:04 UTC] PHP Warning:  Attempt to read property "slug" on array in C:\xampp\htdocs\test-search\wp-content\themes\twentysixteen-child\product.php on line 20
[18-Aug-2024 18:11:04 UTC] PHP Warning:  Attempt to read property "name" on array in C:\xampp\htdocs\test-search\wp-content\themes\twentysixteen-child\product.php on line 20
[18-Aug-2024 18:11:04 UTC] PHP Warning:  Attempt to read property "slug" on array in C:\xampp\htdocs\test-search\wp-content\themes\twentysixteen-child\product.php on line 20
[18-Aug-2024 18:11:04 UTC] PHP Warning:  Attempt to read property "slug" on array in C:\xampp\htdocs\test-search\wp-content\themes\twentysixteen-child\product.php on line 20
[18-Aug-2024 18:11:04 UTC] PHP Warning:  Attempt to read property "name" on array in C:\xampp\htdocs\test-search\wp-content\themes\twentysixteen-child\product.php on line 20
[18-Aug-2024 18:11:08 UTC] PHP Warning:  Attempt to read property "slug" on array in C:\xampp\htdocs\test-search\wp-content\themes\twentysixteen-child\product.php on line 20
[18-Aug-2024 18:11:08 UTC] PHP Warning:  Undefined array key "category" in C:\xampp\htdocs\test-search\wp-content\themes\twentysixteen-child\product.php on line 20
[18-Aug-2024 18:11:08 UTC] PHP Warning:  Attempt to read property "slug" on array in C:\xampp\htdocs\test-search\wp-content\themes\twentysixteen-child\product.php on line 20
[18-Aug-2024 18:11:08 UTC] PHP Warning:  Attempt to read property "name" on array in C:\xampp\htdocs\test-search\wp-content\themes\twentysixteen-child\product.php on line 20
[18-Aug-2024 18:11:08 UTC] PHP Warning:  Attempt to read property "slug" on array in C:\xampp\htdocs\test-search\wp-content\themes\twentysixteen-child\product.php on line 20
[18-Aug-2024 18:11:08 UTC] PHP Warning:  Undefined array key "category" in C:\xampp\htdocs\test-search\wp-content\themes\twentysixteen-child\product.php on line 20
[18-Aug-2024 18:11:08 UTC] PHP Warning:  Attempt to read property "slug" on array in C:\xampp\htdocs\test-search\wp-content\themes\twentysixteen-child\product.php on line 20
[18-Aug-2024 18:11:08 UTC] PHP Warning:  Attempt to read property "name" on array in C:\xampp\htdocs\test-search\wp-content\themes\twentysixteen-child\product.php on line 20
[18-Aug-2024 18:12:43 UTC] PHP Warning:  Attempt to read property "slug" on array in C:\xampp\htdocs\test-search\wp-content\themes\twentysixteen-child\product.php on line 20
[18-Aug-2024 18:12:43 UTC] PHP Warning:  Undefined array key "category" in C:\xampp\htdocs\test-search\wp-content\themes\twentysixteen-child\product.php on line 20
[18-Aug-2024 18:12:43 UTC] PHP Warning:  Attempt to read property "slug" on array in C:\xampp\htdocs\test-search\wp-content\themes\twentysixteen-child\product.php on line 20
[18-Aug-2024 18:12:43 UTC] PHP Warning:  Attempt to read property "name" on array in C:\xampp\htdocs\test-search\wp-content\themes\twentysixteen-child\product.php on line 20
[18-Aug-2024 18:12:43 UTC] PHP Warning:  Attempt to read property "slug" on array in C:\xampp\htdocs\test-search\wp-content\themes\twentysixteen-child\product.php on line 20
[18-Aug-2024 18:12:43 UTC] PHP Warning:  Undefined array key "category" in C:\xampp\htdocs\test-search\wp-content\themes\twentysixteen-child\product.php on line 20
[18-Aug-2024 18:12:43 UTC] PHP Warning:  Attempt to read property "slug" on array in C:\xampp\htdocs\test-search\wp-content\themes\twentysixteen-child\product.php on line 20
[18-Aug-2024 18:12:43 UTC] PHP Warning:  Attempt to read property "name" on array in C:\xampp\htdocs\test-search\wp-content\themes\twentysixteen-child\product.php on line 20
[18-Aug-2024 18:12:49 UTC] PHP Warning:  Attempt to read property "slug" on array in C:\xampp\htdocs\test-search\wp-content\themes\twentysixteen-child\product.php on line 20
[18-Aug-2024 18:12:49 UTC] PHP Warning:  Undefined array key "category" in C:\xampp\htdocs\test-search\wp-content\themes\twentysixteen-child\product.php on line 20
[18-Aug-2024 18:12:49 UTC] PHP Warning:  Attempt to read property "slug" on array in C:\xampp\htdocs\test-search\wp-content\themes\twentysixteen-child\product.php on line 20
[18-Aug-2024 18:12:49 UTC] PHP Warning:  Attempt to read property "name" on array in C:\xampp\htdocs\test-search\wp-content\themes\twentysixteen-child\product.php on line 20
[18-Aug-2024 18:12:49 UTC] PHP Warning:  Attempt to read property "slug" on array in C:\xampp\htdocs\test-search\wp-content\themes\twentysixteen-child\product.php on line 20
[18-Aug-2024 18:12:49 UTC] PHP Warning:  Undefined array key "category" in C:\xampp\htdocs\test-search\wp-content\themes\twentysixteen-child\product.php on line 20
[18-Aug-2024 18:12:49 UTC] PHP Warning:  Attempt to read property "slug" on array in C:\xampp\htdocs\test-search\wp-content\themes\twentysixteen-child\product.php on line 20
[18-Aug-2024 18:12:49 UTC] PHP Warning:  Attempt to read property "name" on array in C:\xampp\htdocs\test-search\wp-content\themes\twentysixteen-child\product.php on line 20
[18-Aug-2024 18:13:21 UTC] PHP Warning:  Attempt to read property "slug" on array in C:\xampp\htdocs\test-search\wp-content\themes\twentysixteen-child\product.php on line 20
[18-Aug-2024 18:13:21 UTC] PHP Warning:  Undefined array key "category" in C:\xampp\htdocs\test-search\wp-content\themes\twentysixteen-child\product.php on line 20
[18-Aug-2024 18:13:21 UTC] PHP Warning:  Attempt to read property "slug" on array in C:\xampp\htdocs\test-search\wp-content\themes\twentysixteen-child\product.php on line 20
[18-Aug-2024 18:13:21 UTC] PHP Warning:  Attempt to read property "name" on array in C:\xampp\htdocs\test-search\wp-content\themes\twentysixteen-child\product.php on line 20
[18-Aug-2024 18:13:21 UTC] PHP Warning:  Attempt to read property "slug" on array in C:\xampp\htdocs\test-search\wp-content\themes\twentysixteen-child\product.php on line 20
[18-Aug-2024 18:13:21 UTC] PHP Warning:  Undefined array key "category" in C:\xampp\htdocs\test-search\wp-content\themes\twentysixteen-child\product.php on line 20
[18-Aug-2024 18:13:21 UTC] PHP Warning:  Attempt to read property "slug" on array in C:\xampp\htdocs\test-search\wp-content\themes\twentysixteen-child\product.php on line 20
[18-Aug-2024 18:13:21 UTC] PHP Warning:  Attempt to read property "name" on array in C:\xampp\htdocs\test-search\wp-content\themes\twentysixteen-child\product.php on line 20
[18-Aug-2024 18:13:24 UTC] PHP Warning:  Attempt to read property "slug" on array in C:\xampp\htdocs\test-search\wp-content\themes\twentysixteen-child\product.php on line 20
[18-Aug-2024 18:13:24 UTC] PHP Warning:  Attempt to read property "slug" on array in C:\xampp\htdocs\test-search\wp-content\themes\twentysixteen-child\product.php on line 20
[18-Aug-2024 18:13:24 UTC] PHP Warning:  Attempt to read property "name" on array in C:\xampp\htdocs\test-search\wp-content\themes\twentysixteen-child\product.php on line 20
[18-Aug-2024 18:13:24 UTC] PHP Warning:  Attempt to read property "slug" on array in C:\xampp\htdocs\test-search\wp-content\themes\twentysixteen-child\product.php on line 20
[18-Aug-2024 18:13:24 UTC] PHP Warning:  Attempt to read property "slug" on array in C:\xampp\htdocs\test-search\wp-content\themes\twentysixteen-child\product.php on line 20
[18-Aug-2024 18:13:24 UTC] PHP Warning:  Attempt to read property "name" on array in C:\xampp\htdocs\test-search\wp-content\themes\twentysixteen-child\product.php on line 20
[18-Aug-2024 18:14:23 UTC] PHP Warning:  Attempt to read property "slug" on array in C:\xampp\htdocs\test-search\wp-content\themes\twentysixteen-child\product.php on line 20
[18-Aug-2024 18:14:23 UTC] PHP Warning:  Undefined array key "category" in C:\xampp\htdocs\test-search\wp-content\themes\twentysixteen-child\product.php on line 20
[18-Aug-2024 18:14:23 UTC] PHP Warning:  Attempt to read property "slug" on array in C:\xampp\htdocs\test-search\wp-content\themes\twentysixteen-child\product.php on line 20
[18-Aug-2024 18:14:23 UTC] PHP Warning:  Attempt to read property "name" on array in C:\xampp\htdocs\test-search\wp-content\themes\twentysixteen-child\product.php on line 20
[18-Aug-2024 18:14:23 UTC] PHP Warning:  Attempt to read property "slug" on array in C:\xampp\htdocs\test-search\wp-content\themes\twentysixteen-child\product.php on line 20
[18-Aug-2024 18:14:23 UTC] PHP Warning:  Undefined array key "category" in C:\xampp\htdocs\test-search\wp-content\themes\twentysixteen-child\product.php on line 20
[18-Aug-2024 18:14:23 UTC] PHP Warning:  Attempt to read property "slug" on array in C:\xampp\htdocs\test-search\wp-content\themes\twentysixteen-child\product.php on line 20
[18-Aug-2024 18:14:23 UTC] PHP Warning:  Attempt to read property "name" on array in C:\xampp\htdocs\test-search\wp-content\themes\twentysixteen-child\product.php on line 20
[18-Aug-2024 18:14:28 UTC] PHP Warning:  Attempt to read property "slug" on array in C:\xampp\htdocs\test-search\wp-content\themes\twentysixteen-child\product.php on line 20
[18-Aug-2024 18:14:28 UTC] PHP Warning:  Attempt to read property "slug" on array in C:\xampp\htdocs\test-search\wp-content\themes\twentysixteen-child\product.php on line 20
[18-Aug-2024 18:14:28 UTC] PHP Warning:  Attempt to read property "name" on array in C:\xampp\htdocs\test-search\wp-content\themes\twentysixteen-child\product.php on line 20
[18-Aug-2024 18:14:28 UTC] PHP Warning:  Attempt to read property "slug" on array in C:\xampp\htdocs\test-search\wp-content\themes\twentysixteen-child\product.php on line 20
[18-Aug-2024 18:14:28 UTC] PHP Warning:  Attempt to read property "slug" on array in C:\xampp\htdocs\test-search\wp-content\themes\twentysixteen-child\product.php on line 20
[18-Aug-2024 18:14:28 UTC] PHP Warning:  Attempt to read property "name" on array in C:\xampp\htdocs\test-search\wp-content\themes\twentysixteen-child\product.php on line 20
[18-Aug-2024 18:14:52 UTC] PHP Warning:  Attempt to read property "slug" on array in C:\xampp\htdocs\test-search\wp-content\themes\twentysixteen-child\product.php on line 20
[18-Aug-2024 18:14:52 UTC] PHP Warning:  Attempt to read property "slug" on array in C:\xampp\htdocs\test-search\wp-content\themes\twentysixteen-child\product.php on line 20
[18-Aug-2024 18:14:52 UTC] PHP Warning:  Attempt to read property "name" on array in C:\xampp\htdocs\test-search\wp-content\themes\twentysixteen-child\product.php on line 20
[18-Aug-2024 18:14:52 UTC] PHP Warning:  Attempt to read property "slug" on array in C:\xampp\htdocs\test-search\wp-content\themes\twentysixteen-child\product.php on line 20
[18-Aug-2024 18:14:52 UTC] PHP Warning:  Attempt to read property "slug" on array in C:\xampp\htdocs\test-search\wp-content\themes\twentysixteen-child\product.php on line 20
[18-Aug-2024 18:14:52 UTC] PHP Warning:  Attempt to read property "name" on array in C:\xampp\htdocs\test-search\wp-content\themes\twentysixteen-child\product.php on line 20
[18-Aug-2024 18:16:55 UTC] PHP Warning:  Attempt to read property "slug" on array in C:\xampp\htdocs\test-search\wp-content\themes\twentysixteen-child\product.php on line 20
[18-Aug-2024 18:16:55 UTC] PHP Warning:  Undefined array key "category" in C:\xampp\htdocs\test-search\wp-content\themes\twentysixteen-child\product.php on line 20
[18-Aug-2024 18:16:55 UTC] PHP Warning:  Attempt to read property "slug" on array in C:\xampp\htdocs\test-search\wp-content\themes\twentysixteen-child\product.php on line 20
[18-Aug-2024 18:16:55 UTC] PHP Warning:  Attempt to read property "name" on array in C:\xampp\htdocs\test-search\wp-content\themes\twentysixteen-child\product.php on line 20
[18-Aug-2024 18:16:55 UTC] PHP Warning:  Attempt to read property "slug" on array in C:\xampp\htdocs\test-search\wp-content\themes\twentysixteen-child\product.php on line 20
[18-Aug-2024 18:16:55 UTC] PHP Warning:  Undefined array key "category" in C:\xampp\htdocs\test-search\wp-content\themes\twentysixteen-child\product.php on line 20
[18-Aug-2024 18:16:55 UTC] PHP Warning:  Attempt to read property "slug" on array in C:\xampp\htdocs\test-search\wp-content\themes\twentysixteen-child\product.php on line 20
[18-Aug-2024 18:16:55 UTC] PHP Warning:  Attempt to read property "name" on array in C:\xampp\htdocs\test-search\wp-content\themes\twentysixteen-child\product.php on line 20
[18-Aug-2024 18:16:58 UTC] PHP Warning:  Attempt to read property "slug" on array in C:\xampp\htdocs\test-search\wp-content\themes\twentysixteen-child\product.php on line 20
[18-Aug-2024 18:16:58 UTC] PHP Warning:  Attempt to read property "slug" on array in C:\xampp\htdocs\test-search\wp-content\themes\twentysixteen-child\product.php on line 20
[18-Aug-2024 18:16:58 UTC] PHP Warning:  Attempt to read property "name" on array in C:\xampp\htdocs\test-search\wp-content\themes\twentysixteen-child\product.php on line 20
[18-Aug-2024 18:16:58 UTC] PHP Warning:  Attempt to read property "slug" on array in C:\xampp\htdocs\test-search\wp-content\themes\twentysixteen-child\product.php on line 20
[18-Aug-2024 18:16:58 UTC] PHP Warning:  Attempt to read property "slug" on array in C:\xampp\htdocs\test-search\wp-content\themes\twentysixteen-child\product.php on line 20
[18-Aug-2024 18:16:58 UTC] PHP Warning:  Attempt to read property "name" on array in C:\xampp\htdocs\test-search\wp-content\themes\twentysixteen-child\product.php on line 20
[18-Aug-2024 18:17:39 UTC] PHP Warning:  Attempt to read property "slug" on array in C:\xampp\htdocs\test-search\wp-content\themes\twentysixteen-child\product.php on line 20
[18-Aug-2024 18:17:39 UTC] PHP Warning:  Undefined array key "category" in C:\xampp\htdocs\test-search\wp-content\themes\twentysixteen-child\product.php on line 20
[18-Aug-2024 18:17:39 UTC] PHP Warning:  Attempt to read property "slug" on array in C:\xampp\htdocs\test-search\wp-content\themes\twentysixteen-child\product.php on line 20
[18-Aug-2024 18:17:39 UTC] PHP Warning:  Attempt to read property "name" on array in C:\xampp\htdocs\test-search\wp-content\themes\twentysixteen-child\product.php on line 20
[18-Aug-2024 18:17:39 UTC] PHP Warning:  Attempt to read property "slug" on array in C:\xampp\htdocs\test-search\wp-content\themes\twentysixteen-child\product.php on line 20
[18-Aug-2024 18:17:39 UTC] PHP Warning:  Undefined array key "category" in C:\xampp\htdocs\test-search\wp-content\themes\twentysixteen-child\product.php on line 20
[18-Aug-2024 18:17:39 UTC] PHP Warning:  Attempt to read property "slug" on array in C:\xampp\htdocs\test-search\wp-content\themes\twentysixteen-child\product.php on line 20
[18-Aug-2024 18:17:39 UTC] PHP Warning:  Attempt to read property "name" on array in C:\xampp\htdocs\test-search\wp-content\themes\twentysixteen-child\product.php on line 20
[18-Aug-2024 18:17:45 UTC] PHP Warning:  Attempt to read property "slug" on array in C:\xampp\htdocs\test-search\wp-content\themes\twentysixteen-child\product.php on line 20
[18-Aug-2024 18:17:45 UTC] PHP Warning:  Attempt to read property "slug" on array in C:\xampp\htdocs\test-search\wp-content\themes\twentysixteen-child\product.php on line 20
[18-Aug-2024 18:17:45 UTC] PHP Warning:  Attempt to read property "name" on array in C:\xampp\htdocs\test-search\wp-content\themes\twentysixteen-child\product.php on line 20
[18-Aug-2024 18:17:45 UTC] PHP Warning:  Attempt to read property "slug" on array in C:\xampp\htdocs\test-search\wp-content\themes\twentysixteen-child\product.php on line 20
[18-Aug-2024 18:17:45 UTC] PHP Warning:  Attempt to read property "slug" on array in C:\xampp\htdocs\test-search\wp-content\themes\twentysixteen-child\product.php on line 20
[18-Aug-2024 18:17:45 UTC] PHP Warning:  Attempt to read property "name" on array in C:\xampp\htdocs\test-search\wp-content\themes\twentysixteen-child\product.php on line 20
[18-Aug-2024 18:18:20 UTC] PHP Warning:  Attempt to read property "slug" on array in C:\xampp\htdocs\test-search\wp-content\themes\twentysixteen-child\product.php on line 20
[18-Aug-2024 18:18:20 UTC] PHP Warning:  Undefined array key "category" in C:\xampp\htdocs\test-search\wp-content\themes\twentysixteen-child\product.php on line 20
[18-Aug-2024 18:18:20 UTC] PHP Warning:  Attempt to read property "slug" on array in C:\xampp\htdocs\test-search\wp-content\themes\twentysixteen-child\product.php on line 20
[18-Aug-2024 18:18:20 UTC] PHP Warning:  Attempt to read property "name" on array in C:\xampp\htdocs\test-search\wp-content\themes\twentysixteen-child\product.php on line 20
[18-Aug-2024 18:18:20 UTC] PHP Warning:  Attempt to read property "slug" on array in C:\xampp\htdocs\test-search\wp-content\themes\twentysixteen-child\product.php on line 20
[18-Aug-2024 18:18:20 UTC] PHP Warning:  Undefined array key "category" in C:\xampp\htdocs\test-search\wp-content\themes\twentysixteen-child\product.php on line 20
[18-Aug-2024 18:18:20 UTC] PHP Warning:  Attempt to read property "slug" on array in C:\xampp\htdocs\test-search\wp-content\themes\twentysixteen-child\product.php on line 20
[18-Aug-2024 18:18:20 UTC] PHP Warning:  Attempt to read property "name" on array in C:\xampp\htdocs\test-search\wp-content\themes\twentysixteen-child\product.php on line 20
[18-Aug-2024 18:19:26 UTC] PHP Warning:  Attempt to read property "slug" on array in C:\xampp\htdocs\test-search\wp-content\themes\twentysixteen-child\product.php on line 20
[18-Aug-2024 18:19:26 UTC] PHP Warning:  Undefined array key "category" in C:\xampp\htdocs\test-search\wp-content\themes\twentysixteen-child\product.php on line 20
[18-Aug-2024 18:19:26 UTC] PHP Warning:  Attempt to read property "slug" on array in C:\xampp\htdocs\test-search\wp-content\themes\twentysixteen-child\product.php on line 20
[18-Aug-2024 18:19:26 UTC] PHP Warning:  Attempt to read property "name" on array in C:\xampp\htdocs\test-search\wp-content\themes\twentysixteen-child\product.php on line 20
[18-Aug-2024 18:19:26 UTC] PHP Warning:  Attempt to read property "slug" on array in C:\xampp\htdocs\test-search\wp-content\themes\twentysixteen-child\product.php on line 20
[18-Aug-2024 18:19:26 UTC] PHP Warning:  Undefined array key "category" in C:\xampp\htdocs\test-search\wp-content\themes\twentysixteen-child\product.php on line 20
[18-Aug-2024 18:19:26 UTC] PHP Warning:  Attempt to read property "slug" on array in C:\xampp\htdocs\test-search\wp-content\themes\twentysixteen-child\product.php on line 20
[18-Aug-2024 18:19:26 UTC] PHP Warning:  Attempt to read property "name" on array in C:\xampp\htdocs\test-search\wp-content\themes\twentysixteen-child\product.php on line 20
[18-Aug-2024 18:20:19 UTC] PHP Warning:  Attempt to read property "slug" on array in C:\xampp\htdocs\test-search\wp-content\themes\twentysixteen-child\product.php on line 20
[18-Aug-2024 18:20:19 UTC] PHP Warning:  Undefined array key "category" in C:\xampp\htdocs\test-search\wp-content\themes\twentysixteen-child\product.php on line 20
[18-Aug-2024 18:20:19 UTC] PHP Warning:  Attempt to read property "slug" on array in C:\xampp\htdocs\test-search\wp-content\themes\twentysixteen-child\product.php on line 20
[18-Aug-2024 18:20:19 UTC] PHP Warning:  Attempt to read property "name" on array in C:\xampp\htdocs\test-search\wp-content\themes\twentysixteen-child\product.php on line 20
[18-Aug-2024 18:20:19 UTC] PHP Warning:  Attempt to read property "slug" on array in C:\xampp\htdocs\test-search\wp-content\themes\twentysixteen-child\product.php on line 20
[18-Aug-2024 18:20:19 UTC] PHP Warning:  Undefined array key "category" in C:\xampp\htdocs\test-search\wp-content\themes\twentysixteen-child\product.php on line 20
[18-Aug-2024 18:20:19 UTC] PHP Warning:  Attempt to read property "slug" on array in C:\xampp\htdocs\test-search\wp-content\themes\twentysixteen-child\product.php on line 20
[18-Aug-2024 18:20:19 UTC] PHP Warning:  Attempt to read property "name" on array in C:\xampp\htdocs\test-search\wp-content\themes\twentysixteen-child\product.php on line 20
[18-Aug-2024 18:20:23 UTC] PHP Warning:  Attempt to read property "slug" on array in C:\xampp\htdocs\test-search\wp-content\themes\twentysixteen-child\product.php on line 20
[18-Aug-2024 18:20:23 UTC] PHP Warning:  Attempt to read property "slug" on array in C:\xampp\htdocs\test-search\wp-content\themes\twentysixteen-child\product.php on line 20
[18-Aug-2024 18:20:23 UTC] PHP Warning:  Attempt to read property "name" on array in C:\xampp\htdocs\test-search\wp-content\themes\twentysixteen-child\product.php on line 20
[18-Aug-2024 18:20:23 UTC] PHP Warning:  Attempt to read property "slug" on array in C:\xampp\htdocs\test-search\wp-content\themes\twentysixteen-child\product.php on line 20
[18-Aug-2024 18:20:23 UTC] PHP Warning:  Attempt to read property "slug" on array in C:\xampp\htdocs\test-search\wp-content\themes\twentysixteen-child\product.php on line 20
[18-Aug-2024 18:20:23 UTC] PHP Warning:  Attempt to read property "name" on array in C:\xampp\htdocs\test-search\wp-content\themes\twentysixteen-child\product.php on line 20
[18-Aug-2024 18:22:10 UTC] PHP Warning:  Attempt to read property "slug" on array in C:\xampp\htdocs\test-search\wp-content\themes\twentysixteen-child\product.php on line 20
[18-Aug-2024 18:22:10 UTC] PHP Warning:  Undefined array key "category" in C:\xampp\htdocs\test-search\wp-content\themes\twentysixteen-child\product.php on line 20
[18-Aug-2024 18:22:10 UTC] PHP Warning:  Attempt to read property "slug" on array in C:\xampp\htdocs\test-search\wp-content\themes\twentysixteen-child\product.php on line 20
[18-Aug-2024 18:22:10 UTC] PHP Warning:  Attempt to read property "name" on array in C:\xampp\htdocs\test-search\wp-content\themes\twentysixteen-child\product.php on line 20
[18-Aug-2024 18:22:10 UTC] PHP Warning:  Attempt to read property "slug" on array in C:\xampp\htdocs\test-search\wp-content\themes\twentysixteen-child\product.php on line 20
[18-Aug-2024 18:22:10 UTC] PHP Warning:  Undefined array key "category" in C:\xampp\htdocs\test-search\wp-content\themes\twentysixteen-child\product.php on line 20
[18-Aug-2024 18:22:10 UTC] PHP Warning:  Attempt to read property "slug" on array in C:\xampp\htdocs\test-search\wp-content\themes\twentysixteen-child\product.php on line 20
[18-Aug-2024 18:22:10 UTC] PHP Warning:  Attempt to read property "name" on array in C:\xampp\htdocs\test-search\wp-content\themes\twentysixteen-child\product.php on line 20
[18-Aug-2024 18:22:20 UTC] PHP Warning:  Attempt to read property "slug" on array in C:\xampp\htdocs\test-search\wp-content\themes\twentysixteen-child\product.php on line 20
[18-Aug-2024 18:22:20 UTC] PHP Warning:  Attempt to read property "slug" on array in C:\xampp\htdocs\test-search\wp-content\themes\twentysixteen-child\product.php on line 20
[18-Aug-2024 18:22:20 UTC] PHP Warning:  Attempt to read property "name" on array in C:\xampp\htdocs\test-search\wp-content\themes\twentysixteen-child\product.php on line 20
[18-Aug-2024 18:22:20 UTC] PHP Warning:  Attempt to read property "slug" on array in C:\xampp\htdocs\test-search\wp-content\themes\twentysixteen-child\product.php on line 20
[18-Aug-2024 18:22:20 UTC] PHP Warning:  Attempt to read property "slug" on array in C:\xampp\htdocs\test-search\wp-content\themes\twentysixteen-child\product.php on line 20
[18-Aug-2024 18:22:20 UTC] PHP Warning:  Attempt to read property "name" on array in C:\xampp\htdocs\test-search\wp-content\themes\twentysixteen-child\product.php on line 20
[18-Aug-2024 18:28:39 UTC] PHP Warning:  Attempt to read property "slug" on array in C:\xampp\htdocs\test-search\wp-content\themes\twentysixteen-child\product.php on line 20
[18-Aug-2024 18:28:39 UTC] PHP Warning:  Undefined array key "category" in C:\xampp\htdocs\test-search\wp-content\themes\twentysixteen-child\product.php on line 20
[18-Aug-2024 18:28:39 UTC] PHP Warning:  Attempt to read property "slug" on array in C:\xampp\htdocs\test-search\wp-content\themes\twentysixteen-child\product.php on line 20
[18-Aug-2024 18:28:39 UTC] PHP Warning:  Attempt to read property "name" on array in C:\xampp\htdocs\test-search\wp-content\themes\twentysixteen-child\product.php on line 20
[18-Aug-2024 18:28:39 UTC] PHP Warning:  Attempt to read property "slug" on array in C:\xampp\htdocs\test-search\wp-content\themes\twentysixteen-child\product.php on line 20
[18-Aug-2024 18:28:39 UTC] PHP Warning:  Undefined array key "category" in C:\xampp\htdocs\test-search\wp-content\themes\twentysixteen-child\product.php on line 20
[18-Aug-2024 18:28:39 UTC] PHP Warning:  Attempt to read property "slug" on array in C:\xampp\htdocs\test-search\wp-content\themes\twentysixteen-child\product.php on line 20
[18-Aug-2024 18:28:39 UTC] PHP Warning:  Attempt to read property "name" on array in C:\xampp\htdocs\test-search\wp-content\themes\twentysixteen-child\product.php on line 20
[18-Aug-2024 18:28:44 UTC] PHP Warning:  Attempt to read property "slug" on array in C:\xampp\htdocs\test-search\wp-content\themes\twentysixteen-child\product.php on line 20
[18-Aug-2024 18:28:44 UTC] PHP Warning:  Attempt to read property "slug" on array in C:\xampp\htdocs\test-search\wp-content\themes\twentysixteen-child\product.php on line 20
[18-Aug-2024 18:28:44 UTC] PHP Warning:  Attempt to read property "name" on array in C:\xampp\htdocs\test-search\wp-content\themes\twentysixteen-child\product.php on line 20
[18-Aug-2024 18:28:44 UTC] PHP Warning:  Attempt to read property "slug" on array in C:\xampp\htdocs\test-search\wp-content\themes\twentysixteen-child\product.php on line 20
[18-Aug-2024 18:28:44 UTC] PHP Warning:  Attempt to read property "slug" on array in C:\xampp\htdocs\test-search\wp-content\themes\twentysixteen-child\product.php on line 20
[18-Aug-2024 18:28:44 UTC] PHP Warning:  Attempt to read property "name" on array in C:\xampp\htdocs\test-search\wp-content\themes\twentysixteen-child\product.php on line 20
[18-Aug-2024 18:28:56 UTC] PHP Warning:  Attempt to read property "slug" on array in C:\xampp\htdocs\test-search\wp-content\themes\twentysixteen-child\product.php on line 20
[18-Aug-2024 18:28:56 UTC] PHP Warning:  Attempt to read property "slug" on array in C:\xampp\htdocs\test-search\wp-content\themes\twentysixteen-child\product.php on line 20
[18-Aug-2024 18:28:56 UTC] PHP Warning:  Attempt to read property "name" on array in C:\xampp\htdocs\test-search\wp-content\themes\twentysixteen-child\product.php on line 20
[18-Aug-2024 18:28:56 UTC] PHP Warning:  Attempt to read property "slug" on array in C:\xampp\htdocs\test-search\wp-content\themes\twentysixteen-child\product.php on line 20
[18-Aug-2024 18:28:56 UTC] PHP Warning:  Attempt to read property "slug" on array in C:\xampp\htdocs\test-search\wp-content\themes\twentysixteen-child\product.php on line 20
[18-Aug-2024 18:28:56 UTC] PHP Warning:  Attempt to read property "name" on array in C:\xampp\htdocs\test-search\wp-content\themes\twentysixteen-child\product.php on line 20
[18-Aug-2024 18:29:13 UTC] PHP Warning:  Attempt to read property "slug" on array in C:\xampp\htdocs\test-search\wp-content\themes\twentysixteen-child\product.php on line 20
[18-Aug-2024 18:29:13 UTC] PHP Warning:  Undefined array key "category" in C:\xampp\htdocs\test-search\wp-content\themes\twentysixteen-child\product.php on line 20
[18-Aug-2024 18:29:13 UTC] PHP Warning:  Attempt to read property "slug" on array in C:\xampp\htdocs\test-search\wp-content\themes\twentysixteen-child\product.php on line 20
[18-Aug-2024 18:29:13 UTC] PHP Warning:  Attempt to read property "name" on array in C:\xampp\htdocs\test-search\wp-content\themes\twentysixteen-child\product.php on line 20
[18-Aug-2024 18:29:13 UTC] PHP Warning:  Attempt to read property "slug" on array in C:\xampp\htdocs\test-search\wp-content\themes\twentysixteen-child\product.php on line 20
[18-Aug-2024 18:29:13 UTC] PHP Warning:  Undefined array key "category" in C:\xampp\htdocs\test-search\wp-content\themes\twentysixteen-child\product.php on line 20
[18-Aug-2024 18:29:13 UTC] PHP Warning:  Attempt to read property "slug" on array in C:\xampp\htdocs\test-search\wp-content\themes\twentysixteen-child\product.php on line 20
[18-Aug-2024 18:29:13 UTC] PHP Warning:  Attempt to read property "name" on array in C:\xampp\htdocs\test-search\wp-content\themes\twentysixteen-child\product.php on line 20
[18-Aug-2024 18:29:19 UTC] PHP Warning:  Attempt to read property "slug" on array in C:\xampp\htdocs\test-search\wp-content\themes\twentysixteen-child\product.php on line 20
[18-Aug-2024 18:29:19 UTC] PHP Warning:  Undefined array key "category" in C:\xampp\htdocs\test-search\wp-content\themes\twentysixteen-child\product.php on line 20
[18-Aug-2024 18:29:19 UTC] PHP Warning:  Attempt to read property "slug" on array in C:\xampp\htdocs\test-search\wp-content\themes\twentysixteen-child\product.php on line 20
[18-Aug-2024 18:29:19 UTC] PHP Warning:  Attempt to read property "name" on array in C:\xampp\htdocs\test-search\wp-content\themes\twentysixteen-child\product.php on line 20
[18-Aug-2024 18:29:19 UTC] PHP Warning:  Attempt to read property "slug" on array in C:\xampp\htdocs\test-search\wp-content\themes\twentysixteen-child\product.php on line 20
[18-Aug-2024 18:29:19 UTC] PHP Warning:  Undefined array key "category" in C:\xampp\htdocs\test-search\wp-content\themes\twentysixteen-child\product.php on line 20
[18-Aug-2024 18:29:19 UTC] PHP Warning:  Attempt to read property "slug" on array in C:\xampp\htdocs\test-search\wp-content\themes\twentysixteen-child\product.php on line 20
[18-Aug-2024 18:29:19 UTC] PHP Warning:  Attempt to read property "name" on array in C:\xampp\htdocs\test-search\wp-content\themes\twentysixteen-child\product.php on line 20
[18-Aug-2024 18:29:34 UTC] PHP Warning:  Attempt to read property "slug" on array in C:\xampp\htdocs\test-search\wp-content\themes\twentysixteen-child\product.php on line 20
[18-Aug-2024 18:29:34 UTC] PHP Warning:  Undefined array key "category" in C:\xampp\htdocs\test-search\wp-content\themes\twentysixteen-child\product.php on line 20
[18-Aug-2024 18:29:34 UTC] PHP Warning:  Attempt to read property "slug" on array in C:\xampp\htdocs\test-search\wp-content\themes\twentysixteen-child\product.php on line 20
[18-Aug-2024 18:29:34 UTC] PHP Warning:  Attempt to read property "name" on array in C:\xampp\htdocs\test-search\wp-content\themes\twentysixteen-child\product.php on line 20
[18-Aug-2024 18:29:34 UTC] PHP Warning:  Attempt to read property "slug" on array in C:\xampp\htdocs\test-search\wp-content\themes\twentysixteen-child\product.php on line 20
[18-Aug-2024 18:29:34 UTC] PHP Warning:  Undefined array key "category" in C:\xampp\htdocs\test-search\wp-content\themes\twentysixteen-child\product.php on line 20
[18-Aug-2024 18:29:34 UTC] PHP Warning:  Attempt to read property "slug" on array in C:\xampp\htdocs\test-search\wp-content\themes\twentysixteen-child\product.php on line 20
[18-Aug-2024 18:29:34 UTC] PHP Warning:  Attempt to read property "name" on array in C:\xampp\htdocs\test-search\wp-content\themes\twentysixteen-child\product.php on line 20
[18-Aug-2024 18:29:39 UTC] PHP Warning:  Attempt to read property "slug" on array in C:\xampp\htdocs\test-search\wp-content\themes\twentysixteen-child\product.php on line 20
[18-Aug-2024 18:29:39 UTC] PHP Warning:  Undefined array key "category" in C:\xampp\htdocs\test-search\wp-content\themes\twentysixteen-child\product.php on line 20
[18-Aug-2024 18:29:39 UTC] PHP Warning:  Attempt to read property "slug" on array in C:\xampp\htdocs\test-search\wp-content\themes\twentysixteen-child\product.php on line 20
[18-Aug-2024 18:29:39 UTC] PHP Warning:  Attempt to read property "name" on array in C:\xampp\htdocs\test-search\wp-content\themes\twentysixteen-child\product.php on line 20
[18-Aug-2024 18:29:39 UTC] PHP Warning:  Attempt to read property "slug" on array in C:\xampp\htdocs\test-search\wp-content\themes\twentysixteen-child\product.php on line 20
[18-Aug-2024 18:29:39 UTC] PHP Warning:  Undefined array key "category" in C:\xampp\htdocs\test-search\wp-content\themes\twentysixteen-child\product.php on line 20
[18-Aug-2024 18:29:39 UTC] PHP Warning:  Attempt to read property "slug" on array in C:\xampp\htdocs\test-search\wp-content\themes\twentysixteen-child\product.php on line 20
[18-Aug-2024 18:29:39 UTC] PHP Warning:  Attempt to read property "name" on array in C:\xampp\htdocs\test-search\wp-content\themes\twentysixteen-child\product.php on line 20
[18-Aug-2024 18:29:49 UTC] PHP Warning:  Attempt to read property "slug" on array in C:\xampp\htdocs\test-search\wp-content\themes\twentysixteen-child\product.php on line 20
[18-Aug-2024 18:29:49 UTC] PHP Warning:  Undefined array key "category" in C:\xampp\htdocs\test-search\wp-content\themes\twentysixteen-child\product.php on line 20
[18-Aug-2024 18:29:49 UTC] PHP Warning:  Attempt to read property "slug" on array in C:\xampp\htdocs\test-search\wp-content\themes\twentysixteen-child\product.php on line 20
[18-Aug-2024 18:29:49 UTC] PHP Warning:  Attempt to read property "name" on array in C:\xampp\htdocs\test-search\wp-content\themes\twentysixteen-child\product.php on line 20
[18-Aug-2024 18:29:49 UTC] PHP Warning:  Attempt to read property "slug" on array in C:\xampp\htdocs\test-search\wp-content\themes\twentysixteen-child\product.php on line 20
[18-Aug-2024 18:29:49 UTC] PHP Warning:  Undefined array key "category" in C:\xampp\htdocs\test-search\wp-content\themes\twentysixteen-child\product.php on line 20
[18-Aug-2024 18:29:49 UTC] PHP Warning:  Attempt to read property "slug" on array in C:\xampp\htdocs\test-search\wp-content\themes\twentysixteen-child\product.php on line 20
[18-Aug-2024 18:29:49 UTC] PHP Warning:  Attempt to read property "name" on array in C:\xampp\htdocs\test-search\wp-content\themes\twentysixteen-child\product.php on line 20
[18-Aug-2024 18:29:57 UTC] PHP Warning:  Attempt to read property "slug" on array in C:\xampp\htdocs\test-search\wp-content\themes\twentysixteen-child\product.php on line 20
[18-Aug-2024 18:29:57 UTC] PHP Warning:  Attempt to read property "slug" on array in C:\xampp\htdocs\test-search\wp-content\themes\twentysixteen-child\product.php on line 20
[18-Aug-2024 18:29:57 UTC] PHP Warning:  Attempt to read property "name" on array in C:\xampp\htdocs\test-search\wp-content\themes\twentysixteen-child\product.php on line 20
[18-Aug-2024 18:29:57 UTC] PHP Warning:  Attempt to read property "slug" on array in C:\xampp\htdocs\test-search\wp-content\themes\twentysixteen-child\product.php on line 20
[18-Aug-2024 18:29:57 UTC] PHP Warning:  Attempt to read property "slug" on array in C:\xampp\htdocs\test-search\wp-content\themes\twentysixteen-child\product.php on line 20
[18-Aug-2024 18:29:57 UTC] PHP Warning:  Attempt to read property "name" on array in C:\xampp\htdocs\test-search\wp-content\themes\twentysixteen-child\product.php on line 20
[18-Aug-2024 18:30:29 UTC] PHP Warning:  Attempt to read property "slug" on array in C:\xampp\htdocs\test-search\wp-content\themes\twentysixteen-child\product.php on line 20
[18-Aug-2024 18:30:29 UTC] PHP Warning:  Attempt to read property "slug" on array in C:\xampp\htdocs\test-search\wp-content\themes\twentysixteen-child\product.php on line 20
[18-Aug-2024 18:30:29 UTC] PHP Warning:  Attempt to read property "name" on array in C:\xampp\htdocs\test-search\wp-content\themes\twentysixteen-child\product.php on line 20
[18-Aug-2024 18:30:29 UTC] PHP Warning:  Attempt to read property "slug" on array in C:\xampp\htdocs\test-search\wp-content\themes\twentysixteen-child\product.php on line 20
[18-Aug-2024 18:30:29 UTC] PHP Warning:  Attempt to read property "slug" on array in C:\xampp\htdocs\test-search\wp-content\themes\twentysixteen-child\product.php on line 20
[18-Aug-2024 18:30:29 UTC] PHP Warning:  Attempt to read property "name" on array in C:\xampp\htdocs\test-search\wp-content\themes\twentysixteen-child\product.php on line 20
